<?xml version="1.0" encoding="UTF-8"?>
<beans xmlns="http://www.springframework.org/schema/beans"
       xmlns:xsi="http://www.w3.org/2001/XMLSchema-instance"
       xmlns:c="http://www.springframework.org/schema/c"
       xmlns:p="http://www.springframework.org/schema/p"
       xsi:schemaLocation="http://www.springframework.org/schema/beans http://www.springframework.org/schema/beans/spring-beans.xsd">

    <bean id="radiusServer" class="org.apereo.cas.adaptors.radius.JRadiusServerImpl"
          c:protocol="EAP_MSCHAPv2"
          c:clientFactory-ref="radiusClientFactory"
          c:retries="3"
          c:nasIpAddress=""
          c:nasIpv6Address=""
          c:nasPort="-1"
          c:nasPortId="-1"
          c:nasIdentifier=""
          c:nasRealPort="-1"/>

    <bean id="radiusClientFactory" class="org.apereo.cas.adaptors.radius.RadiusClientFactory"
          c:accountingPort="1813"
          c:authenticationPort="1812"
          c:socketTimeout="60"
          c:inetAddress="localhost"
          c:sharedSecret="fqhwhgads"/>
</beans>
